\BOOKMARK [1][-]{section.1}{Introduction}{}% 1
\BOOKMARK [1][-]{section.2}{The ARZ model}{}% 2
\BOOKMARK [2][-]{subsection.2.1}{Linearization}{section.2}% 3
\BOOKMARK [2][-]{subsection.2.2}{Characteristic form}{section.2}% 4
\BOOKMARK [2][-]{subsection.2.3}{``Froude number"}{section.2}% 5
\BOOKMARK [1][-]{section.3}{Frequency domain analysis}{}% 6
\BOOKMARK [2][-]{subsection.3.1}{State-transition matrix}{section.3}% 7
\BOOKMARK [2][-]{subsection.3.2}{Free flow case}{section.3}% 8
\BOOKMARK [3][-]{subsubsection.3.2.1}{Bode plots}{subsection.3.2}% 9
\BOOKMARK [3][-]{subsubsection.3.2.2}{Step responses}{subsection.3.2}% 10
\BOOKMARK [2][-]{subsection.3.3}{Congested flow}{section.3}% 11
\BOOKMARK [1][-]{section.4}{Numerical validation}{}% 12
\BOOKMARK [2][-]{subsection.4.1}{Data source: NGSIM trajectories}{section.4}% 13
\BOOKMARK [2][-]{subsection.4.2}{Reconstructing \(v,q\) maps from NGSIM trajectories}{section.4}% 14
\BOOKMARK [3][-]{subsubsection.4.2.1}{Binning formulae}{subsection.4.2}% 15
\BOOKMARK [3][-]{subsubsection.4.2.2}{Choosing the number of bins}{subsection.4.2}% 16
\BOOKMARK [3][-]{subsubsection.4.2.3}{Sanity check for the estimators}{subsection.4.2}% 17
\BOOKMARK [2][-]{subsection.4.3}{Estimated values for \(v,q\)}{section.4}% 18
\BOOKMARK [3][-]{subsubsection.4.3.1}{Maps}{subsection.4.3}% 19
\BOOKMARK [3][-]{subsubsection.4.3.2}{Fundamental diagrams}{subsection.4.3}% 20
\BOOKMARK [3][-]{subsubsection.4.3.3}{Calibration of 1 and 2, linearization point}{subsection.4.3}% 21
\BOOKMARK [2][-]{subsection.4.4}{Simulated values for \(v,q,\)}{section.4}% 22
\BOOKMARK [3][-]{subsubsection.4.4.1}{Fourier decomposition of input for a linear PDE}{subsection.4.4}% 23
\BOOKMARK [3][-]{subsubsection.4.4.2}{Simulated maps}{subsection.4.4}% 24
\BOOKMARK [3][-]{subsubsection.4.4.3}{Calibration of }{subsection.4.4}% 25
\BOOKMARK [2][-]{subsection.4.5}{Time domain explicit resolution of the system }{section.4}% 26
\BOOKMARK [2][-]{subsection.4.6}{Generic computations for time domain to Laplace domain transforms and vice versa}{section.4}% 27
\BOOKMARK [3][-]{subsubsection.4.6.1}{Step function input}{subsection.4.6}% 28
\BOOKMARK [3][-]{subsubsection.4.6.2}{Phased cosine input}{subsection.4.6}% 29
\BOOKMARK [3][-]{subsubsection.4.6.3}{Fourier sum input}{subsection.4.6}% 30
\BOOKMARK [2][-]{subsection.4.7}{Fourier decomposition and time domain responses for 2>0}{section.4}% 31
\BOOKMARK [3][-]{subsubsection.4.7.1}{Fundamental responses in time domain:}{subsection.4.7}% 32
\BOOKMARK [2][-]{subsection.4.8}{Fourier decomposition and time domain responses for 2<0}{section.4}% 33
\BOOKMARK [3][-]{subsubsection.4.8.1}{Fundamental responses in time domain}{subsection.4.8}% 34
\BOOKMARK [1][-]{section.5}{Conclusion}{}% 35
