This is pdfTeX, Version 3.14159265-2.6-1.40.15 (TeX Live 2014) (preloaded format=pdflatex 2014.5.25)  13 APR 2015 23:35
entering extended mode
 restricted \write18 enabled.
 %&-line parsing enabled.
**ARZworking.tex
(./ARZworking.tex
LaTeX2e <2014/05/01>
Babel <3.9k> and hyphenation patterns for 78 languages loaded.
(/usr/local/texlive/2014/texmf-dist/tex/latex/elsarticle/elsarticle.cls
Document Class: elsarticle 2009/09/17, 1.2.0: Elsevier Ltd
\@bls=\dimen102
(/usr/local/texlive/2014/texmf-dist/tex/latex/base/article.cls
Document Class: article 2007/10/19 v1.4h Standard LaTeX document class
(/usr/local/texlive/2014/texmf-dist/tex/latex/base/size10.clo
File: size10.clo 2007/10/19 v1.4h Standard LaTeX file (size option)
)
\c@part=\count79
\c@section=\count80
\c@subsection=\count81
\c@subsubsection=\count82
\c@paragraph=\count83
\c@subparagraph=\count84
\c@figure=\count85
\c@table=\count86
\abovecaptionskip=\skip41
\belowcaptionskip=\skip42
\bibindent=\dimen103
)
(/usr/local/texlive/2014/texmf-dist/tex/latex/graphics/graphicx.sty
Package: graphicx 2014/04/25 v1.0g Enhanced LaTeX Graphics (DPC,SPQR)

(/usr/local/texlive/2014/texmf-dist/tex/latex/graphics/keyval.sty
Package: keyval 2014/05/08 v1.15 key=value parser (DPC)
\KV@toks@=\toks14
)
(/usr/local/texlive/2014/texmf-dist/tex/latex/graphics/graphics.sty
Package: graphics 2009/02/05 v1.0o Standard LaTeX Graphics (DPC,SPQR)

(/usr/local/texlive/2014/texmf-dist/tex/latex/graphics/trig.sty
Package: trig 1999/03/16 v1.09 sin cos tan (DPC)
)
(/usr/local/texlive/2014/texmf-dist/tex/latex/latexconfig/graphics.cfg
File: graphics.cfg 2010/04/23 v1.9 graphics configuration of TeX Live
)
Package graphics Info: Driver file: pdftex.def on input line 91.

(/usr/local/texlive/2014/texmf-dist/tex/latex/pdftex-def/pdftex.def
File: pdftex.def 2011/05/27 v0.06d Graphics/color for pdfTeX

(/usr/local/texlive/2014/texmf-dist/tex/generic/oberdiek/infwarerr.sty
Package: infwarerr 2010/04/08 v1.3 Providing info/warning/error messages (HO)
)
(/usr/local/texlive/2014/texmf-dist/tex/generic/oberdiek/ltxcmds.sty
Package: ltxcmds 2011/11/09 v1.22 LaTeX kernel commands for general use (HO)
)
\Gread@gobject=\count87
))
\Gin@req@height=\dimen104
\Gin@req@width=\dimen105
)
(/usr/local/texlive/2014/texmf-dist/tex/latex/psnfss/pifont.sty
Package: pifont 2005/04/12 PSNFSS-v9.2a Pi font support (SPQR) 
LaTeX Font Info:    Try loading font information for U+pzd on input line 63.

(/usr/local/texlive/2014/texmf-dist/tex/latex/psnfss/upzd.fd
File: upzd.fd 2001/06/04 font definitions for U/pzd.
)
LaTeX Font Info:    Try loading font information for U+psy on input line 64.

(/usr/local/texlive/2014/texmf-dist/tex/latex/psnfss/upsy.fd
File: upsy.fd 2001/06/04 font definitions for U/psy.
))
\c@tnote=\count88
\c@fnote=\count89
\c@cnote=\count90
\c@ead=\count91
\c@author=\count92
\@eadauthor=\toks15
\c@affn=\count93
\absbox=\box26
\keybox=\box27
\Columnwidth=\dimen106
\space@left=\dimen107
\els@boxa=\box28
\els@boxb=\box29
\leftMargin=\dimen108
\@enLab=\toks16
\@sep=\skip43
\@@sep=\skip44

(./ARZworking.spl)
(/usr/local/texlive/2014/texmf-dist/tex/latex/natbib/natbib.sty
Package: natbib 2010/09/13 8.31b (PWD, AO)
\bibhang=\skip45
\bibsep=\skip46
LaTeX Info: Redefining \cite on input line 694.
\c@NAT@ctr=\count94
)
\splwrite=\write3
\openout3 = `ARZworking.spl'.


(/usr/local/texlive/2014/texmf-dist/tex/latex/geometry/geometry.sty
Package: geometry 2010/09/12 v5.6 Page Geometry

(/usr/local/texlive/2014/texmf-dist/tex/generic/oberdiek/ifpdf.sty
Package: ifpdf 2011/01/30 v2.3 Provides the ifpdf switch (HO)
Package ifpdf Info: pdfTeX in PDF mode is detected.
)
(/usr/local/texlive/2014/texmf-dist/tex/generic/oberdiek/ifvtex.sty
Package: ifvtex 2010/03/01 v1.5 Detect VTeX and its facilities (HO)
Package ifvtex Info: VTeX not detected.
)
(/usr/local/texlive/2014/texmf-dist/tex/generic/ifxetex/ifxetex.sty
Package: ifxetex 2010/09/12 v0.6 Provides ifxetex conditional
)
\Gm@cnth=\count95
\Gm@cntv=\count96
\c@Gm@tempcnt=\count97
\Gm@bindingoffset=\dimen109
\Gm@wd@mp=\dimen110
\Gm@odd@mp=\dimen111
\Gm@even@mp=\dimen112
\Gm@layoutwidth=\dimen113
\Gm@layoutheight=\dimen114
\Gm@layouthoffset=\dimen115
\Gm@layoutvoffset=\dimen116
\Gm@dimlist=\toks17
)
(/usr/local/texlive/2014/texmf-dist/tex/latex/base/fleqn.clo
File: fleqn.clo 1998/08/17 v1.1c Standard LaTeX option (flush left equations)
\mathindent=\dimen117
))
(/usr/local/texlive/2014/texmf-dist/tex/latex/hyperref/hyperref.sty
Package: hyperref 2012/11/06 v6.83m Hypertext links for LaTeX

(/usr/local/texlive/2014/texmf-dist/tex/generic/oberdiek/hobsub-hyperref.sty
Package: hobsub-hyperref 2012/05/28 v1.13 Bundle oberdiek, subset hyperref (HO)


(/usr/local/texlive/2014/texmf-dist/tex/generic/oberdiek/hobsub-generic.sty
Package: hobsub-generic 2012/05/28 v1.13 Bundle oberdiek, subset generic (HO)
Package: hobsub 2012/05/28 v1.13 Construct package bundles (HO)
Package hobsub Info: Skipping package `infwarerr' (already loaded).
Package hobsub Info: Skipping package `ltxcmds' (already loaded).
Package: ifluatex 2010/03/01 v1.3 Provides the ifluatex switch (HO)
Package ifluatex Info: LuaTeX not detected.
Package hobsub Info: Skipping package `ifvtex' (already loaded).
Package: intcalc 2007/09/27 v1.1 Expandable calculations with integers (HO)
Package hobsub Info: Skipping package `ifpdf' (already loaded).
Package: etexcmds 2011/02/16 v1.5 Avoid name clashes with e-TeX commands (HO)
Package etexcmds Info: Could not find \expanded.
(etexcmds)             That can mean that you are not using pdfTeX 1.50 or
(etexcmds)             that some package has redefined \expanded.
(etexcmds)             In the latter case, load this package earlier.
Package: kvsetkeys 2012/04/25 v1.16 Key value parser (HO)
Package: kvdefinekeys 2011/04/07 v1.3 Define keys (HO)
Package: pdftexcmds 2011/11/29 v0.20 Utility functions of pdfTeX for LuaTeX (HO
)
Package pdftexcmds Info: LuaTeX not detected.
Package pdftexcmds Info: \pdf@primitive is available.
Package pdftexcmds Info: \pdf@ifprimitive is available.
Package pdftexcmds Info: \pdfdraftmode found.
Package: pdfescape 2011/11/25 v1.13 Implements pdfTeX's escape features (HO)
Package: bigintcalc 2012/04/08 v1.3 Expandable calculations on big integers (HO
)
Package: bitset 2011/01/30 v1.1 Handle bit-vector datatype (HO)
Package: uniquecounter 2011/01/30 v1.2 Provide unlimited unique counter (HO)
)
Package hobsub Info: Skipping package `hobsub' (already loaded).
Package: letltxmacro 2010/09/02 v1.4 Let assignment for LaTeX macros (HO)
Package: hopatch 2012/05/28 v1.2 Wrapper for package hooks (HO)
Package: xcolor-patch 2011/01/30 xcolor patch
Package: atveryend 2011/06/30 v1.8 Hooks at the very end of document (HO)
Package atveryend Info: \enddocument detected (standard20110627).
Package: atbegshi 2011/10/05 v1.16 At begin shipout hook (HO)
Package: refcount 2011/10/16 v3.4 Data extraction from label references (HO)
Package: hycolor 2011/01/30 v1.7 Color options for hyperref/bookmark (HO)
)
(/usr/local/texlive/2014/texmf-dist/tex/latex/oberdiek/auxhook.sty
Package: auxhook 2011/03/04 v1.3 Hooks for auxiliary files (HO)
)
(/usr/local/texlive/2014/texmf-dist/tex/latex/oberdiek/kvoptions.sty
Package: kvoptions 2011/06/30 v3.11 Key value format for package options (HO)
)
\@linkdim=\dimen118
\Hy@linkcounter=\count98
\Hy@pagecounter=\count99

(/usr/local/texlive/2014/texmf-dist/tex/latex/hyperref/pd1enc.def
File: pd1enc.def 2012/11/06 v6.83m Hyperref: PDFDocEncoding definition (HO)
)
\Hy@SavedSpaceFactor=\count100

(/usr/local/texlive/2014/texmf-dist/tex/latex/latexconfig/hyperref.cfg
File: hyperref.cfg 2002/06/06 v1.2 hyperref configuration of TeXLive
)
Package hyperref Info: Hyper figures OFF on input line 4443.
Package hyperref Info: Link nesting OFF on input line 4448.
Package hyperref Info: Hyper index ON on input line 4451.
Package hyperref Info: Plain pages OFF on input line 4458.
Package hyperref Info: Backreferencing OFF on input line 4463.
Package hyperref Info: Implicit mode ON; LaTeX internals redefined.
Package hyperref Info: Bookmarks ON on input line 4688.
\c@Hy@tempcnt=\count101

(/usr/local/texlive/2014/texmf-dist/tex/latex/url/url.sty
\Urlmuskip=\muskip10
Package: url 2013/09/16  ver 3.4  Verb mode for urls, etc.
)
LaTeX Info: Redefining \url on input line 5041.
\XeTeXLinkMargin=\dimen119
\Fld@menulength=\count102
\Field@Width=\dimen120
\Fld@charsize=\dimen121
Package hyperref Info: Hyper figures OFF on input line 6295.
Package hyperref Info: Link nesting OFF on input line 6300.
Package hyperref Info: Hyper index ON on input line 6303.
Package hyperref Info: backreferencing OFF on input line 6310.
Package hyperref Info: Link coloring OFF on input line 6315.
Package hyperref Info: Link coloring with OCG OFF on input line 6320.
Package hyperref Info: PDF/A mode OFF on input line 6325.
LaTeX Info: Redefining \ref on input line 6365.
LaTeX Info: Redefining \pageref on input line 6369.
\Hy@abspage=\count103
\c@Item=\count104
\c@Hfootnote=\count105
)

Package hyperref Message: Driver (autodetected): hpdftex.

(/usr/local/texlive/2014/texmf-dist/tex/latex/hyperref/hpdftex.def
File: hpdftex.def 2012/11/06 v6.83m Hyperref driver for pdfTeX
\Fld@listcount=\count106
\c@bookmark@seq@number=\count107

(/usr/local/texlive/2014/texmf-dist/tex/latex/oberdiek/rerunfilecheck.sty
Package: rerunfilecheck 2011/04/15 v1.7 Rerun checks for auxiliary files (HO)
Package uniquecounter Info: New unique counter `rerunfilecheck' on input line 2
82.
)
\Hy@SectionHShift=\skip47
)
(/usr/local/texlive/2014/texmf-dist/tex/latex/amsmath/amsmath.sty
Package: amsmath 2013/01/14 v2.14 AMS math features
\@mathmargin=\skip48

For additional information on amsmath, use the `?' option.
(/usr/local/texlive/2014/texmf-dist/tex/latex/amsmath/amstext.sty
Package: amstext 2000/06/29 v2.01

(/usr/local/texlive/2014/texmf-dist/tex/latex/amsmath/amsgen.sty
File: amsgen.sty 1999/11/30 v2.0
\@emptytoks=\toks18
\ex@=\dimen122
))
(/usr/local/texlive/2014/texmf-dist/tex/latex/amsmath/amsbsy.sty
Package: amsbsy 1999/11/29 v1.2d
\pmbraise@=\dimen123
)
(/usr/local/texlive/2014/texmf-dist/tex/latex/amsmath/amsopn.sty
Package: amsopn 1999/12/14 v2.01 operator names
)
\inf@bad=\count108
LaTeX Info: Redefining \frac on input line 210.
\uproot@=\count109
\leftroot@=\count110
LaTeX Info: Redefining \overline on input line 306.
\classnum@=\count111
\DOTSCASE@=\count112
LaTeX Info: Redefining \ldots on input line 378.
LaTeX Info: Redefining \dots on input line 381.
LaTeX Info: Redefining \cdots on input line 466.
\Mathstrutbox@=\box30
\strutbox@=\box31
\big@size=\dimen124
LaTeX Font Info:    Redeclaring font encoding OML on input line 566.
LaTeX Font Info:    Redeclaring font encoding OMS on input line 567.
\macc@depth=\count113
\c@MaxMatrixCols=\count114
\dotsspace@=\muskip11
\c@parentequation=\count115
\dspbrk@lvl=\count116
\tag@help=\toks19
\row@=\count117
\column@=\count118
\maxfields@=\count119
\andhelp@=\toks20
\eqnshift@=\dimen125
\alignsep@=\dimen126
\tagshift@=\dimen127
\tagwidth@=\dimen128
\totwidth@=\dimen129
\lineht@=\dimen130
\@envbody=\toks21
\multlinegap=\skip49
\multlinetaggap=\skip50
\mathdisplay@stack=\toks22
LaTeX Info: Redefining \[ on input line 2665.
LaTeX Info: Redefining \] on input line 2666.
)
(/usr/local/texlive/2014/texmf-dist/tex/latex/jknapltx/mathrsfs.sty
Package: mathrsfs 1996/01/01 Math RSFS package v1.0 (jk)
\symrsfs=\mathgroup4
)
(/usr/local/texlive/2014/texmf-dist/tex/latex/float/float.sty
Package: float 2001/11/08 v1.3d Float enhancements (AL)
\c@float@type=\count120
\float@exts=\toks23
\float@box=\box32
\@float@everytoks=\toks24
\@floatcapt=\box33
)
(./ARZworking.aux)
\openout1 = `ARZworking.aux'.

LaTeX Font Info:    Checking defaults for OML/cmm/m/it on input line 63.
LaTeX Font Info:    ... okay on input line 63.
LaTeX Font Info:    Checking defaults for T1/cmr/m/n on input line 63.
LaTeX Font Info:    ... okay on input line 63.
LaTeX Font Info:    Checking defaults for OT1/cmr/m/n on input line 63.
LaTeX Font Info:    ... okay on input line 63.
LaTeX Font Info:    Checking defaults for OMS/cmsy/m/n on input line 63.
LaTeX Font Info:    ... okay on input line 63.
LaTeX Font Info:    Checking defaults for OMX/cmex/m/n on input line 63.
LaTeX Font Info:    ... okay on input line 63.
LaTeX Font Info:    Checking defaults for U/cmr/m/n on input line 63.
LaTeX Font Info:    ... okay on input line 63.
LaTeX Font Info:    Checking defaults for PD1/pdf/m/n on input line 63.
LaTeX Font Info:    ... okay on input line 63.

(/usr/local/texlive/2014/texmf-dist/tex/context/base/supp-pdf.mkii
[Loading MPS to PDF converter (version 2006.09.02).]
\scratchcounter=\count121
\scratchdimen=\dimen131
\scratchbox=\box34
\nofMPsegments=\count122
\nofMParguments=\count123
\everyMPshowfont=\toks25
\MPscratchCnt=\count124
\MPscratchDim=\dimen132
\MPnumerator=\count125
\makeMPintoPDFobject=\count126
\everyMPtoPDFconversion=\toks26
) (/usr/local/texlive/2014/texmf-dist/tex/latex/oberdiek/epstopdf-base.sty
Package: epstopdf-base 2010/02/09 v2.5 Base part for package epstopdf

(/usr/local/texlive/2014/texmf-dist/tex/latex/oberdiek/grfext.sty
Package: grfext 2010/08/19 v1.1 Manage graphics extensions (HO)
)
Package grfext Info: Graphics extension search list:
(grfext)             [.png,.pdf,.jpg,.mps,.jpeg,.jbig2,.jb2,.PNG,.PDF,.JPG,.JPE
G,.JBIG2,.JB2,.eps]
(grfext)             \AppendGraphicsExtensions on input line 452.

(/usr/local/texlive/2014/texmf-dist/tex/latex/latexconfig/epstopdf-sys.cfg
File: epstopdf-sys.cfg 2010/07/13 v1.3 Configuration of (r)epstopdf for TeX Liv
e
))
*geometry* driver: auto-detecting
*geometry* detected driver: pdftex
*geometry* verbose mode - [ preamble ] result:
* driver: pdftex
* paper: custom
* layout: <same size as paper>
* layoutoffset:(h,v)=(0.0pt,0.0pt)
* hratio: 1:1
* vratio: 1:1
* modes: 
* h-part:(L,W,R)=(37.75394pt, 522.0pt, 37.75394pt)
* v-part:(T,H,B)=(81.52342pt, 682.0pt, 81.52342pt)
* \paperwidth=597.50787pt
* \paperheight=845.04684pt
* \textwidth=522.0pt
* \textheight=682.0pt
* \oddsidemargin=-34.51605pt
* \evensidemargin=-34.51605pt
* \topmargin=-52.74657pt
* \headheight=50.0pt
* \headsep=12.0pt
* \topskip=10.0pt
* \footskip=18.0pt
* \marginparwidth=4.0pt
* \marginparsep=10.0pt
* \columnsep=18.0pt
* \skip\footins=24.0pt plus 2.0pt minus 12.0pt
* \hoffset=0.0pt
* \voffset=0.0pt
* \mag=1000
* \@twocolumntrue
* \@twosidefalse
* \@mparswitchfalse
* \@reversemarginfalse
* (1in=72.27pt=25.4mm, 1cm=28.453pt)

\AtBeginShipoutBox=\box35
Package hyperref Info: Link coloring OFF on input line 63.
(/usr/local/texlive/2014/texmf-dist/tex/latex/hyperref/nameref.sty
Package: nameref 2012/10/27 v2.43 Cross-referencing by name of section

(/usr/local/texlive/2014/texmf-dist/tex/generic/oberdiek/gettitlestring.sty
Package: gettitlestring 2010/12/03 v1.4 Cleanup title references (HO)
)
\c@section@level=\count127
)
LaTeX Info: Redefining \ref on input line 63.
LaTeX Info: Redefining \pageref on input line 63.
LaTeX Info: Redefining \nameref on input line 63.

(./ARZworking.out) (./ARZworking.out)
\@outlinefile=\write4
\openout4 = `ARZworking.out'.

LaTeX Font Info:    Try loading font information for U+rsfs on input line 139.

(/usr/local/texlive/2014/texmf-dist/tex/latex/jknapltx/ursfs.fd
File: ursfs.fd 1998/03/24 rsfs font definition file (jk)
)
Underfull \hbox (badness 10000) has occurred while \output is active
[]
 []

[1{/usr/local/texlive/2014/texmf-var/fonts/map/pdftex/updmap/pdftex.map}


]
[2]
Overfull \hbox (16.15462pt too wide) detected at line 242
[][] \OT1/cmr/m/n/8 + [] [][] = [] []
 []


Underfull \hbox (badness 1810) in paragraph at lines 431--433
\OT1/cmr/m/n/10 Note also that $\OML/cmm/m/it/10 ^^U[] \OT1/cmr/m/n/10 = \OML/c
mm/m/it/10 v[] \OT1/cmr/m/n/10 + \OML/cmm/m/it/10 ^^Z[]V[]\OT1/cmr/m/n/10 (\OML
/cmm/m/it/10 ^^Z[]\OT1/cmr/m/n/10 ) = [] +
 []

[3] <Congested-regime.png, id=291, 505.89pt x 361.35pt>
File: Congested-regime.png Graphic file (type png)

<use Congested-regime.png>
Package pdftex.def Info: Congested-regime.png used on input line 439.
(pdftex.def)             Requested size: 128.0374pt x 91.45656pt.
 <Free-flow-regime.png, id=292, 505.89pt x 361.35pt>
File: Free-flow-regime.png Graphic file (type png)

<use Free-flow-regime.png>
Package pdftex.def Info: Free-flow-regime.png used on input line 439.
(pdftex.def)             Requested size: 128.0374pt x 91.45656pt.

Overfull \hbox (28.0748pt too wide) in paragraph at lines 438--442
 [][] 
 []


Overfull \hbox (11.27066pt too wide) detected at line 478
\U/rsfs/m/n/10 X\OT1/cmr/m/n/10 (\OML/cmm/m/it/10 s\OT1/cmr/m/n/10 ) = [] \OML/
cmm/m/it/10 ; \U/rsfs/m/n/10 D\OT1/cmr/m/n/10 (\OML/cmm/m/it/10 s\OT1/cmr/m/n/1
0 ) = [] \OML/cmm/m/it/10 :
 []


Package hyperref Warning: Token not allowed in a PDF string (PDFDocEncoding):
(hyperref)                removing `math shift' on input line 516.


Package hyperref Warning: Token not allowed in a PDF string (PDFDocEncoding):
(hyperref)                removing `math shift' on input line 516.


Overfull \hbox (26.83008pt too wide) detected at line 532
[] \OT1/cmr/m/n/10 = [] []
 []


Underfull \vbox (badness 2521) has occurred while \output is active []

 [4pdfTeX warning (ext4): destination with the same identifier (name{figure.1})
 has been already used, duplicate ignored

\AtBegShi@Output ...ipout \box \AtBeginShipoutBox 
                                                  \fi \fi 
l.569 \end{align}
                  <./Congested-regime.png> <./Free-flow-regime.png>]pdfTeX warn
ing (ext4): destination with the same identifier (name{equation.3.1}) has been 
already used, duplicate ignored
<to be read again> 
                   \relax 
l.607 \end{align}
                 pdfTeX warning (ext4): destination with the same identifier (n
ame{equation.3.2}) has been already used, duplicate ignored
<to be read again> 
                   \relax 
l.607 \end{align}
                 pdfTeX warning (ext4): destination with the same identifier (n
ame{equation.3.3}) has been already used, duplicate ignored
<to be read again> 
                   \relax 
l.607 \end{align}
                 pdfTeX warning (ext4): destination with the same identifier (n
ame{equation.3.4}) has been already used, duplicate ignored
<to be read again> 
                   \relax 
l.607 \end{align}
                  <distr_phi_11.pdf, id=320, 614.295pt x 794.97pt>
File: distr_phi_11.pdf Graphic file (type pdf)

<use distr_phi_11.pdf>
Package pdftex.def Info: distr_phi_11.pdf used on input line 625.
(pdftex.def)             Requested size: 119.50148pt x 88.22827pt.
 <distr_phi_21.pdf, id=321, 614.295pt x 794.97pt>
File: distr_phi_21.pdf Graphic file (type pdf)

<use distr_phi_21.pdf>
Package pdftex.def Info: distr_phi_21.pdf used on input line 627.
(pdftex.def)             Requested size: 119.50148pt x 88.22827pt.

Overfull \hbox (11.00296pt too wide) in paragraph at lines 624--635
 [][] 
 []

<distr_psi_11.pdf, id=322, 614.295pt x 794.97pt>
File: distr_psi_11.pdf Graphic file (type pdf)
 <use distr_psi_11.pdf>
Package pdftex.def Info: distr_psi_11.pdf used on input line 641.
(pdftex.def)             Requested size: 119.50148pt x 88.22827pt.

<distr_psi_12.pdf, id=323, 614.295pt x 794.97pt>
File: distr_psi_12.pdf Graphic file (type pdf)
 <use distr_psi_12.pdf>
Package pdftex.def Info: distr_psi_12.pdf used on input line 643.
(pdftex.def)             Requested size: 119.50148pt x 88.22827pt.

<distr_psi_21.pdf, id=324, 614.295pt x 794.97pt>
File: distr_psi_21.pdf Graphic file (type pdf)
 <use distr_psi_21.pdf>
Package pdftex.def Info: distr_psi_21.pdf used on input line 649.
(pdftex.def)             Requested size: 119.50148pt x 88.22827pt.

<distr_psi_22.pdf, id=325, 614.295pt x 794.97pt>
File: distr_psi_22.pdf Graphic file (type pdf)
 <use distr_psi_22.pdf>
Package pdftex.def Info: distr_psi_22.pdf used on input line 651.
(pdftex.def)             Requested size: 119.50148pt x 88.22827pt.

Overfull \hbox (11.00296pt too wide) in paragraph at lines 640--658
 [][] 
 []

[5pdfTeX warning (ext4): destination with the same identifier (name{equation.3.
1}) has been already used, duplicate ignored

\AtBegShi@Output ...ipout \box \AtBeginShipoutBox 
                                                  \fi \fi 
l.677 
      pdfTeX warning (ext4): destination with the same identifier (name{equatio
n.3.2}) has been already used, duplicate ignored

\AtBegShi@Output ...ipout \box \AtBeginShipoutBox 
                                                  \fi \fi 
l.677 
      pdfTeX warning (ext4): destination with the same identifier (name{equatio
n.3.3}) has been already used, duplicate ignored

\AtBegShi@Output ...ipout \box \AtBeginShipoutBox 
                                                  \fi \fi 
l.677 
      pdfTeX warning (ext4): destination with the same identifier (name{equatio
n.3.4}) has been already used, duplicate ignored

\AtBegShi@Output ...ipout \box \AtBeginShipoutBox 
                                                  \fi \fi 
l.677 
      pdfTeX warning (ext4): destination with the same identifier (name{figure.
2}) has been already used, duplicate ignored

\AtBegShi@Output ...ipout \box \AtBeginShipoutBox 
                                                  \fi \fi 
l.677 
      pdfTeX warning (ext4): destination with the same identifier (name{figure.
3}) has been already used, duplicate ignored

\AtBegShi@Output ...ipout \box \AtBeginShipoutBox 
                                                  \fi \fi 
l.677 
       <./distr_phi_11.pdf> <./distr_phi_21.pdf> <./distr_psi_11.pdf> <./distr_
psi_12.pdf> <./distr_psi_21.pdf> <./distr_psi_22.pdf>]
<Exp-growth.png, id=433, 505.89pt x 361.35pt>
File: Exp-growth.png Graphic file (type png)
 <use Exp-growth.png>
Package pdftex.def Info: Exp-growth.png used on input line 719.
(pdftex.def)             Requested size: 128.0374pt x 91.45656pt.


Package hyperref Warning: Token not allowed in a PDF string (PDFDocEncoding):
(hyperref)                removing `math shift' on input line 724.


Package hyperref Warning: Token not allowed in a PDF string (PDFDocEncoding):
(hyperref)                removing `math shift' on input line 724.

pdfTeX warning (ext4): destination with the same identifier (name{equation.3.1}
) has been already used, duplicate ignored
<to be read again> 
                   \relax 
l.763 \end{align}
                 pdfTeX warning (ext4): destination with the same identifier (n
ame{equation.3.2}) has been already used, duplicate ignored
<to be read again> 
                   \relax 
l.763 \end{align}
                 pdfTeX warning (ext4): destination with the same identifier (n
ame{equation.3.3}) has been already used, duplicate ignored
<to be read again> 
                   \relax 
l.763 \end{align}
                 pdfTeX warning (ext4): destination with the same identifier (n
ame{equation.3.4}) has been already used, duplicate ignored
<to be read again> 
                   \relax 
l.763 \end{align}
                 
Underfull \hbox (badness 4441) in paragraph at lines 768--779
[]\OT1/cmr/m/n/10 For low fre-quen-cies ($[] \OMS/cmsy/m/n/10 ^^\ []$\OT1/cmr/m
/n/10 ), $\OML/cmm/m/it/10 ^^M[] [] \OMS/cmsy/m/n/10 '
 []


Underfull \hbox (badness 1990) in paragraph at lines 781--811
\OML/cmm/m/it/10 ^^M[] [] [] []$ \OT1/cmr/m/n/10 , we get $[] [] = [][] [] +
 []

pdfTeX warning (ext4): destination with the same identifier (name{equation.3.1}
) has been already used, duplicate ignored
<to be read again> 
                   \relax 
l.951 \end{align}
                 pdfTeX warning (ext4): destination with the same identifier (n
ame{equation.3.2}) has been already used, duplicate ignored
<to be read again> 
                   \relax 
l.951 \end{align}
                 pdfTeX warning (ext4): destination with the same identifier (n
ame{equation.3.3}) has been already used, duplicate ignored
<to be read again> 
                   \relax 
l.951 \end{align}
                 pdfTeX warning (ext4): destination with the same identifier (n
ame{equation.3.4}) has been already used, duplicate ignored
<to be read again> 
                   \relax 
l.951 \end{align}
                 
Underfull \vbox (badness 10000) has occurred while \output is active []

 [6pdfTeX warning (ext4): destination with the same identifier (name{figure.4})
 has been already used, duplicate ignored

\AtBegShi@Output ...ipout \box \AtBeginShipoutBox 
                                                  \fi \fi 
l.951 \end{align}
                  <./Exp-growth.png>]pdfTeX warning (ext4): destination with th
e same identifier (name{equation.3.1}) has been already used, duplicate ignored

<to be read again> 
                   \relax 
l.976 \end{align}
                 pdfTeX warning (ext4): destination with the same identifier (n
ame{equation.3.2}) has been already used, duplicate ignored
<to be read again> 
                   \relax 
l.976 \end{align}
                 pdfTeX warning (ext4): destination with the same identifier (n
ame{equation.3.3}) has been already used, duplicate ignored
<to be read again> 
                   \relax 
l.976 \end{align}
                 pdfTeX warning (ext4): destination with the same identifier (n
ame{equation.3.4}) has been already used, duplicate ignored
<to be read again> 
                   \relax 
l.976 \end{align}
                  <distr_gamma_11.pdf, id=451, 614.295pt x 794.97pt>
File: distr_gamma_11.pdf Graphic file (type pdf)

<use distr_gamma_11.pdf>
Package pdftex.def Info: distr_gamma_11.pdf used on input line 993.
(pdftex.def)             Requested size: 119.50148pt x 88.22827pt.
 <distr_gamma_21.pdf, id=452, 614.295pt x 794.97pt>
File: distr_gamma_21.pdf Graphic file (type pdf)

<use distr_gamma_21.pdf>
Package pdftex.def Info: distr_gamma_21.pdf used on input line 995.
(pdftex.def)             Requested size: 119.50148pt x 88.22827pt.

Overfull \hbox (11.00296pt too wide) in paragraph at lines 992--1002
 [][] 
 []

<distr_theta_11.pdf, id=453, 614.295pt x 794.97pt>
File: distr_theta_11.pdf Graphic file (type pdf)
 <use distr_theta_11.pdf>
Package pdftex.def Info: distr_theta_11.pdf used on input line 1008.
(pdftex.def)             Requested size: 119.50148pt x 88.22827pt.

<distr_theta_12.pdf, id=454, 614.295pt x 794.97pt>
File: distr_theta_12.pdf Graphic file (type pdf)
 <use distr_theta_12.pdf>
Package pdftex.def Info: distr_theta_12.pdf used on input line 1010.
(pdftex.def)             Requested size: 119.50148pt x 88.22827pt.

<distr_theta_21.pdf, id=455, 614.295pt x 794.97pt>
File: distr_theta_21.pdf Graphic file (type pdf)
 <use distr_theta_21.pdf>
Package pdftex.def Info: distr_theta_21.pdf used on input line 1016.
(pdftex.def)             Requested size: 119.50148pt x 88.22827pt.

<distr_theta_22.pdf, id=456, 614.295pt x 794.97pt>
File: distr_theta_22.pdf Graphic file (type pdf)
 <use distr_theta_22.pdf>
Package pdftex.def Info: distr_theta_22.pdf used on input line 1018.
(pdftex.def)             Requested size: 119.50148pt x 88.22827pt.

Overfull \hbox (11.00296pt too wide) in paragraph at lines 1007--1025
 [][] 
 []

[7pdfTeX warning (ext4): destination with the same identifier (name{figure.5}) 
has been already used, duplicate ignored

\AtBegShi@Output ...ipout \box \AtBeginShipoutBox 
                                                  \fi \fi 
l.1030 
       pdfTeX warning (ext4): destination with the same identifier (name{figure
.6}) has been already used, duplicate ignored

\AtBegShi@Output ...ipout \box \AtBeginShipoutBox 
                                                  \fi \fi 
l.1030 
        <./distr_gamma_11.pdf> <./distr_gamma_21.pdf> <./distr_theta_11.pdf> <.
/distr_theta_12.pdf> <./distr_theta_21.pdf> <./distr_theta_22.pdf>]
<US-101_all_traj_low_res_mod.png, id=564, 1156.32pt x 578.16pt>
File: US-101_all_traj_low_res_mod.png Graphic file (type png)

<use US-101_all_traj_low_res_mod.png>
Package pdftex.def Info: US-101_all_traj_low_res_mod.png used on input line 105
7.
(pdftex.def)             Requested size: 227.62204pt x 113.80379pt.


Package hyperref Warning: Token not allowed in a PDF string (PDFDocEncoding):
(hyperref)                removing `math shift' on input line 1065.


Package hyperref Warning: Token not allowed in a PDF string (PDFDocEncoding):
(hyperref)                removing `math shift' on input line 1065.


Underfull \hbox (badness 2856) in paragraph at lines 1067--1069
\OT1/cmr/m/n/10 val-ues $\OML/cmm/m/it/10 v\OT1/cmr/m/n/10 (\OML/cmm/m/it/10 t;
 x\OT1/cmr/m/n/10 )$ and $\OML/cmm/m/it/10 q\OT1/cmr/m/n/10 (\OML/cmm/m/it/10 t
; x\OT1/cmr/m/n/10 )$ in the res-o-lu-tion do-main
 []


Underfull \hbox (badness 10000) in paragraph at lines 1067--1069
[][]$\OT1/cmr/m/n/10 ,
 []


Overfull \hbox (25.77817pt too wide) detected at line 1081
\OML/cmm/m/it/10 ^^Z[] \OT1/cmr/m/n/10 = [] [] [][] \OML/cmm/m/it/10 ^^Z\OT1/cm
r/m/n/10 (\OML/cmm/m/it/10 x; t\OT1/cmr/m/n/10 )[]\OML/cmm/m/it/10 x[]t:
 []

[8pdfTeX warning (ext4): destination with the same identifier (name{figure.7}) 
has been already used, duplicate ignored

\AtBegShi@Output ...ipout \box \AtBeginShipoutBox 
                                                  \fi \fi 
l.1084 \begin{equation}
                        <./US-101_all_traj_low_res_mod.png>]
Overfull \hbox (8.92924pt too wide) detected at line 1086
[] \OT1/cmr/m/n/10 = [] [](\OMS/cmsy/m/n/10 f[] j [] 2 []g\OT1/cmr/m/n/10 )\OML
/cmm/m/it/10 ;
 []


Overfull \hbox (109.94406pt too wide) detected at line 1097
[] \OT1/cmr/m/n/10 = []  [] [] \OML/cmm/m/it/10 ;
 []

<"traces_80_80".png, id=579, 578.16pt x 433.62pt>
File: "traces_80_80".png Graphic file (type png)
 <use "traces_80_80".png>
Package pdftex.def Info: "traces_80_80".png used on input line 1110.
(pdftex.def)             Requested size: 227.62204pt x 170.71231pt.

<"ids_80_80".png, id=580, 578.16pt x 433.62pt>
File: "ids_80_80".png Graphic file (type png)
 <use "ids_80_80".png>
Package pdftex.def Info: "ids_80_80".png used on input line 1115.
(pdftex.def)             Requested size: 227.62204pt x 170.71231pt.

<"80_80_q_q_count".png, id=582, 578.16pt x 433.62pt>
File: "80_80_q_q_count".png Graphic file (type png)

<use "80_80_q_q_count".png>
Package pdftex.def Info: "80_80_q_q_count".png used on input line 1129.
(pdftex.def)             Requested size: 227.62204pt x 170.71231pt.


Package hyperref Warning: Token not allowed in a PDF string (PDFDocEncoding):
(hyperref)                removing `math shift' on input line 1137.


Package hyperref Warning: Token not allowed in a PDF string (PDFDocEncoding):
(hyperref)                removing `\left' on input line 1137.


Package hyperref Warning: Token not allowed in a PDF string (PDFDocEncoding):
(hyperref)                removing `\right' on input line 1137.


Package hyperref Warning: Token not allowed in a PDF string (PDFDocEncoding):
(hyperref)                removing `math shift' on input line 1137.

[9pdfTeX warning (ext4): destination with the same identifier (name{figure.8}) 
has been already used, duplicate ignored

\AtBegShi@Output ...ipout \box \AtBeginShipoutBox 
                                                  \fi \fi 
l.1141 
       pdfTeX warning (ext4): destination with the same identifier (name{figure
.9}) has been already used, duplicate ignored

\AtBegShi@Output ...ipout \box \AtBeginShipoutBox 
                                                  \fi \fi 
l.1141 
        <./traces_80_80.png> <./ids_80_80.png> <./80_80_q_q_count.png>]
<"Fundamental_diagram_fitting_n_80".png, id=598, 578.16pt x 433.62pt>
File: "Fundamental_diagram_fitting_n_80".png Graphic file (type png)

<use "Fundamental_diagram_fitting_n_80".png>
Package pdftex.def Info: "Fundamental_diagram_fitting_n_80".png used on input l
ine 1159.
(pdftex.def)             Requested size: 227.62204pt x 170.71231pt.


LaTeX Warning: Reference `sub:Generic-computations' on page 10 undefined on inp
ut line 1165.


Underfull \vbox (badness 4872) has occurred while \output is active []

 [10pdfTeX warning (ext4): destination with the same identifier (name{figure.10
}) has been already used, duplicate ignored

\AtBegShi@Output ...ipout \box \AtBeginShipoutBox 
                                                  \fi \fi 
l.1181 
        <./Fundamental_diagram_fitting_n_80.png>]
<"vq_map_n_80_best_tau".png, id=608, 722.7pt x 469.755pt>
File: "vq_map_n_80_best_tau".png Graphic file (type png)

<use "vq_map_n_80_best_tau".png>
Package pdftex.def Info: "vq_map_n_80_best_tau".png used on input line 1185.
(pdftex.def)             Requested size: 256.0748pt x 166.44522pt.

<"xi_map_n_80_best_tau".png, id=609, 722.7pt x 469.755pt>
File: "xi_map_n_80_best_tau".png Graphic file (type png)

<use "xi_map_n_80_best_tau".png>
Package pdftex.def Info: "xi_map_n_80_best_tau".png used on input line 1187.
(pdftex.def)             Requested size: 256.0748pt x 166.44522pt.

Overfull \hbox (16.0748pt too wide) in paragraph at lines 1184--1190
 [][] 
 []

<"q_v_error_80".png, id=610, 578.16pt x 433.62pt>
File: "q_v_error_80".png Graphic file (type png)
 <use "q_v_error_80".png>
Package pdftex.def Info: "q_v_error_80".png used on input line 1197.
(pdftex.def)             Requested size: 170.71652pt x 128.03589pt.

<"xi_1_xi_2_error_80".png, id=611, 578.16pt x 433.62pt>
File: "xi_1_xi_2_error_80".png Graphic file (type png)

<use "xi_1_xi_2_error_80".png>
Package pdftex.def Info: "xi_1_xi_2_error_80".png used on input line 1201.
(pdftex.def)             Requested size: 170.71652pt x 128.03589pt.
 [11pdfTeX warning (ext4): destination with the same identifier (name{figure.11
}) has been already used, duplicate ignored

\AtBegShi@Output ...ipout \box \AtBeginShipoutBox 
                                                  \fi \fi 
l.1226 
       pdfTeX warning (ext4): destination with the same identifier (name{figure
.12}) has been already used, duplicate ignored

\AtBegShi@Output ...ipout \box \AtBeginShipoutBox 
                                                  \fi \fi 
l.1226 
        <./vq_map_n_80_best_tau.png> <./xi_map_n_80_best_tau.png> <./q_v_error_
80.png> <./xi_1_xi_2_error_80.png>] (./ARZworking.bbl
Underfull \vbox (badness 10000) has occurred while \output is active []

 [12]
Missing character: There is no â in font cmr8!
Missing character: There is no € in font cmr8!
Missing character: There is no “ in font cmr8!
Missing character: There is no Ã in font cmr8!
Missing character: There is no — in font cmr8!
)
Package atveryend Info: Empty hook `BeforeClearDocument' on input line 1457.

[13

]
Package atveryend Info: Empty hook `AfterLastShipout' on input line 1457.
 (./ARZworking.aux)
Package atveryend Info: Executing hook `AtVeryEndDocument' on input line 1457.
Package atveryend Info: Executing hook `AtEndAfterFileList' on input line 1457.

Package rerunfilecheck Info: File `ARZworking.out' has not changed.
(rerunfilecheck)             Checksum: 3F15097ED3FD05C5151367283270820C;2375.


LaTeX Warning: There were undefined references.

Package atveryend Info: Empty hook `AtVeryVeryEnd' on input line 1457.
 ) 
Here is how much of TeX's memory you used:
 7250 strings out of 493117
 106164 string characters out of 6135433
 222198 words of memory out of 5000000
 10445 multiletter control sequences out of 15000+600000
 9702 words of font info for 37 fonts, out of 8000000 for 9000
 1141 hyphenation exceptions out of 8191
 34i,18n,31p,1322b,590s stack positions out of 5000i,500n,10000p,200000b,80000s
</usr/local/texlive/2014/texmf-dist/fonts/type1/public/amsfonts/cm/cmbx10.pfb
></usr/local/texlive/2014/texmf-dist/fonts/type1/public/amsfonts/cm/cmex10.pfb>
</usr/local/texlive/2014/texmf-dist/fonts/type1/public/amsfonts/cmextra/cmex7.p
fb></usr/local/texlive/2014/texmf-dist/fonts/type1/public/amsfonts/cmextra/cmex
8.pfb></usr/local/texlive/2014/texmf-dist/fonts/type1/public/amsfonts/cm/cmmi10
.pfb></usr/local/texlive/2014/texmf-dist/fonts/type1/public/amsfonts/cm/cmmi5.p
fb></usr/local/texlive/2014/texmf-dist/fonts/type1/public/amsfonts/cm/cmmi6.pfb
></usr/local/texlive/2014/texmf-dist/fonts/type1/public/amsfonts/cm/cmmi7.pfb><
/usr/local/texlive/2014/texmf-dist/fonts/type1/public/amsfonts/cm/cmmi8.pfb></u
sr/local/texlive/2014/texmf-dist/fonts/type1/public/amsfonts/cm/cmr10.pfb></usr
/local/texlive/2014/texmf-dist/fonts/type1/public/amsfonts/cm/cmr12.pfb></usr/l
ocal/texlive/2014/texmf-dist/fonts/type1/public/amsfonts/cm/cmr5.pfb></usr/loca
l/texlive/2014/texmf-dist/fonts/type1/public/amsfonts/cm/cmr6.pfb></usr/local/t
exlive/2014/texmf-dist/fonts/type1/public/amsfonts/cm/cmr7.pfb></usr/local/texl
ive/2014/texmf-dist/fonts/type1/public/amsfonts/cm/cmr8.pfb></usr/local/texlive
/2014/texmf-dist/fonts/type1/public/amsfonts/cm/cmsy10.pfb></usr/local/texlive/
2014/texmf-dist/fonts/type1/public/amsfonts/cm/cmsy5.pfb></usr/local/texlive/20
14/texmf-dist/fonts/type1/public/amsfonts/cm/cmsy6.pfb></usr/local/texlive/2014
/texmf-dist/fonts/type1/public/amsfonts/cm/cmsy7.pfb></usr/local/texlive/2014/t
exmf-dist/fonts/type1/public/amsfonts/cm/cmsy8.pfb></usr/local/texlive/2014/tex
mf-dist/fonts/type1/public/amsfonts/cm/cmti10.pfb></usr/local/texlive/2014/texm
f-dist/fonts/type1/public/amsfonts/cm/cmti7.pfb></usr/local/texlive/2014/texmf-
dist/fonts/type1/public/amsfonts/cm/cmti8.pfb></usr/local/texlive/2014/texmf-di
st/fonts/type1/public/amsfonts/cm/cmtt8.pfb></usr/local/texlive/2014/texmf-dist
/fonts/type1/public/rsfs/rsfs10.pfb></usr/local/texlive/2014/texmf-dist/fonts/t
ype1/public/rsfs/rsfs7.pfb>
Output written on ARZworking.pdf (13 pages, 3610799 bytes).
PDF statistics:
 755 PDF objects out of 1000 (max. 8388607)
 591 compressed objects within 6 object streams
 158 named destinations out of 1000 (max. 500000)
 353 words of extra memory for PDF output out of 10000 (max. 10000000)

