\BOOKMARK [1][-]{section.1}{Introduction}{}% 1
\BOOKMARK [2][-]{subsection.1.1}{Traffic macroscopic models}{section.1}% 2
\BOOKMARK [2][-]{subsection.1.2}{Models appropriate for control}{section.1}% 3
\BOOKMARK [2][-]{subsection.1.3}{Approach and contributions}{section.1}% 4
\BOOKMARK [2][-]{subsection.1.4}{Organization of the article}{section.1}% 5
\BOOKMARK [1][-]{section.2}{The ARZ model}{}% 6
\BOOKMARK [2][-]{subsection.2.1}{Linearization}{section.2}% 7
\BOOKMARK [2][-]{subsection.2.2}{Characteristic form}{section.2}% 8
\BOOKMARK [2][-]{subsection.2.3}{The Traffic Froude Number}{section.2}% 9
\BOOKMARK [1][-]{section.3}{Spectral analysis of the linearized ARZ model}{}% 10
\BOOKMARK [2][-]{subsection.3.1}{State-transition matrix}{section.3}% 11
\BOOKMARK [2][-]{subsection.3.2}{Free-flow case \(F<1\)}{section.3}% 12
\BOOKMARK [3][-]{subsubsection.3.2.1}{Low frequency approximation for physical variables in free-flow regime}{subsection.3.2}% 13
\BOOKMARK [3][-]{subsubsection.3.2.2}{Bode plots for free-flow regime}{subsection.3.2}% 14
\BOOKMARK [3][-]{subsubsection.3.2.3}{Step responses}{subsection.3.2}% 15
\BOOKMARK [2][-]{subsection.3.3}{Congested regime \(F>1\)}{section.3}% 16
\BOOKMARK [3][-]{subsubsection.3.3.1}{Transfer functions for physical variables in congested regime}{subsection.3.3}% 17
\BOOKMARK [3][-]{subsubsection.3.3.2}{Low frequency approximation for physical variables in congested regime}{subsection.3.3}% 18
\BOOKMARK [3][-]{subsubsection.3.3.3}{Bode plots for congested regime}{subsection.3.3}% 19
\BOOKMARK [3][-]{subsubsection.3.3.4}{Poles and BIBO stability of the system}{subsection.3.3}% 20
\BOOKMARK [2][-]{subsection.3.4}{Findings and conclusion from the theoretical study}{section.3}% 21
\BOOKMARK [1][-]{section.4}{Numerical validation}{}% 22
\BOOKMARK [2][-]{subsection.4.1}{Data source: NGSIM trajectories}{section.4}% 23
\BOOKMARK [2][-]{subsection.4.2}{Reconstructing \(v,q\) maps from NGSIM trajectories}{section.4}% 24
\BOOKMARK [3][-]{subsubsection.4.2.1}{Choosing the number of bins}{subsection.4.2}% 25
\BOOKMARK [2][-]{subsection.4.3}{Estimated values for \(v,q\)}{section.4}% 26
\BOOKMARK [2][-]{subsection.4.4}{Verification of the spectral form}{section.4}% 27
\BOOKMARK [2][-]{subsection.4.5}{Findings and conclusion from the numerical experiments}{section.4}% 28
\BOOKMARK [1][-]{section.5}{Conclusion}{}% 29
